rancid
Password: 

ht-sw-1>enable
Password: 
ht-sw-1#
ht-sw-1#
ht-sw-1#rancid
Password: 

ht-sw-1>enable
Password: 
ht-sw-1#
ht-sw-1#
ht-sw-1#rancid
Password: 

ht-sw-1>enable
Password: 
ht-sw-1#
ht-sw-1#
ht-sw-1#rancid
Password: 

ht-sw-1>enable
Password: 
ht-sw-1#
ht-sw-1#
ht-sw-1#rancid
Password: 

ht-sw-1>rancid
Password: rancid
Password: 

ht-sw-1>enable
Password: 
ht-sw-1#
ht-sw-1#
ht-sw-1#rancid
Password: 

ht-sw-1>enable
Password: 
ht-sw-1#
ht-sw-1#
ht-sw-1#rancid
Password: 

ht-sw-1>enable
Password: 
ht-sw-1#
ht-sw-1#
ht-sw-1#rancid
Password: 

ht-sw-1>enable
Password: 
ht-sw-1#
ht-sw-1#
ht-sw-1#rancid
Password: 

ht-sw-1>enable
Password: 
ht-sw-1#
ht-sw-1#
ht-sw-1#rancid
Password: 

ht-sw-1>enable
Password: 
ht-sw-1#
ht-sw-1#
ht-sw-1#rancid
Password: 

ht-sw-1>enable
Password: 
ht-sw-1#
ht-sw-1#
ht-sw-1#rancid
Password: 

ht-sw-1>enable
Password: 
ht-sw-1#
ht-sw-1#
ht-sw-1#rancid
Password: 

ht-cybg-01>enable
Password: 
ht-cybg-01#
ht-cybg-01#
ht-cybg-01#rancid
Password: 

ht-cybg-01>enable
Password: 
ht-cybg-01#
ht-cybg-01#
ht-cybg-01#rancid
Password: 

ht-cybg-01>enable
Password: 
ht-cybg-01#
ht-cybg-01#
ht-cybg-01#rancid
Password: 

ht-cybg-01>enable
Password: 
ht-cybg-01#
ht-cybg-01#
ht-cybg-01#